[01m[K/home/neubility/ROS/ros2_communication_ws/src/srv_server_pkg/src/main.cpp:43:5:[m[K [01;31m[Kerror: [m[Kâ€˜[01m[KTimeChecker[m[Kâ€™ does not name a type; did you mean â€˜[01m[Ktimespec_get[m[Kâ€™?
     [01;31m[KTimeChecker[m[K tc;
     [01;31m[K^~~~~~~~~~~[m[K
     [32m[Ktimespec_get[m[K
[01m[K/home/neubility/ROS/ros2_communication_ws/src/srv_server_pkg/src/main.cpp:[m[K In member function â€˜[01m[Kvoid MinimalPublisher::timer_callback()[m[Kâ€™:
[01m[K/home/neubility/ROS/ros2_communication_ws/src/srv_server_pkg/src/main.cpp:31:31:[m[K [01;31m[Kerror: [m[Kâ€˜[01m[Ktc[m[Kâ€™ was not declared in this scope
         double tc_calc_time = [01;31m[Ktc[m[K.LoopTimeCalc();
                               [01;31m[K^~[m[K
[01m[K/home/neubility/ROS/ros2_communication_ws/src/srv_server_pkg/src/main.cpp:31:31:[m[K [01;36m[Knote: [m[Ksuggested alternative: â€˜[01m[Ktm[m[Kâ€™
         double tc_calc_time = [01;36m[Ktc[m[K.LoopTimeCalc();
                               [01;36m[K^~[m[K
                               [32m[Ktm[m[K
make[2]: *** [CMakeFiles/srv_server_pkg.dir/src/main.cpp.o] Error 1
make[1]: *** [CMakeFiles/srv_server_pkg.dir/all] Error 2
make: *** [all] Error 2
