[0.021s] Invoking command in '/home/neubility/ROS/ros2_communication_ws/build/srv_server_pkg': CMAKE_PREFIX_PATH=/home/neubility/ROS/ros2_communication_ws/install/ex_msg_srv:/home/neubility/ROS/ros2_communication_ws/install/sub_ex:/home/neubility/ROS/ros2_communication_ws/install/pub_ex:/home/neubility/ROS/ros2_communication_ws/install/practice_code_pkg:/opt/ros/eloquent /usr/bin/cmake /home/neubility/ROS/ros2_communication_ws/src/srv_server_pkg -DCMAKE_INSTALL_PREFIX=/home/neubility/ROS/ros2_communication_ws/install/srv_server_pkg
[0.073s] -- The C compiler identification is GNU 7.5.0
[0.124s] -- The CXX compiler identification is GNU 7.5.0
[0.127s] -- Check for working C compiler: /usr/bin/cc
[0.187s] -- Check for working C compiler: /usr/bin/cc -- works
[0.187s] -- Detecting C compiler ABI info
[0.248s] -- Detecting C compiler ABI info - done
[0.252s] -- Detecting C compile features
[0.439s] -- Detecting C compile features - done
[0.440s] -- Check for working CXX compiler: /usr/bin/c++
[0.509s] -- Check for working CXX compiler: /usr/bin/c++ -- works
[0.510s] -- Detecting CXX compiler ABI info
[0.583s] -- Detecting CXX compiler ABI info - done
[0.586s] -- Detecting CXX compile features
[0.887s] -- Detecting CXX compile features - done
[0.889s] -- Found ament_cmake: 0.8.3 (/opt/ros/eloquent/share/ament_cmake/cmake)
[0.912s] -- Found PythonInterp: /usr/bin/python3 (found suitable version "3.6.9", minimum required is "3") 
[0.912s] -- Using PYTHON_EXECUTABLE: /usr/bin/python3
[1.086s] -- Found rclcpp: 0.8.5 (/opt/ros/eloquent/share/rclcpp/cmake)
[1.101s] -- Found rosidl_adapter: 0.8.3 (/opt/ros/eloquent/share/rosidl_adapter/cmake)
[1.134s] -- Found rmw_implementation_cmake: 0.8.1 (/opt/ros/eloquent/share/rmw_implementation_cmake/cmake)
[1.135s] -- Using RMW implementation 'rmw_cyclonedds_cpp' as default
[1.136s] -- Looking for pthread.h
[1.206s] -- Looking for pthread.h - found
[1.206s] -- Looking for pthread_create
[1.271s] -- Looking for pthread_create - not found
[1.271s] -- Looking for pthread_create in pthreads
[1.324s] -- Looking for pthread_create in pthreads - not found
[1.324s] -- Looking for pthread_create in pthread
[1.388s] -- Looking for pthread_create in pthread - found
[1.388s] -- Found Threads: TRUE  
[1.418s] -- Found std_msgs: 0.8.1 (/opt/ros/eloquent/share/std_msgs/cmake)
[1.421s] -- Found ex_msg_srv: 0.0.0 (/home/neubility/ROS/ros2_communication_ws/install/ex_msg_srv/share/ex_msg_srv/cmake)
[1.495s] -- Configuring done
[1.502s] -- Generating done
[1.503s] -- Build files have been written to: /home/neubility/ROS/ros2_communication_ws/build/srv_server_pkg
[1.507s] Invoked command in '/home/neubility/ROS/ros2_communication_ws/build/srv_server_pkg' returned '0': CMAKE_PREFIX_PATH=/home/neubility/ROS/ros2_communication_ws/install/ex_msg_srv:/home/neubility/ROS/ros2_communication_ws/install/sub_ex:/home/neubility/ROS/ros2_communication_ws/install/pub_ex:/home/neubility/ROS/ros2_communication_ws/install/practice_code_pkg:/opt/ros/eloquent /usr/bin/cmake /home/neubility/ROS/ros2_communication_ws/src/srv_server_pkg -DCMAKE_INSTALL_PREFIX=/home/neubility/ROS/ros2_communication_ws/install/srv_server_pkg
[1.510s] Invoking command in '/home/neubility/ROS/ros2_communication_ws/build/srv_server_pkg': CMAKE_PREFIX_PATH=/home/neubility/ROS/ros2_communication_ws/install/ex_msg_srv:/home/neubility/ROS/ros2_communication_ws/install/sub_ex:/home/neubility/ROS/ros2_communication_ws/install/pub_ex:/home/neubility/ROS/ros2_communication_ws/install/practice_code_pkg:/opt/ros/eloquent /usr/bin/cmake --build /home/neubility/ROS/ros2_communication_ws/build/srv_server_pkg -- -j16 -l16
[1.556s] [35m[1mScanning dependencies of target srv_server_pkg[0m
[1.589s] [ 50%] [32mBuilding CXX object CMakeFiles/srv_server_pkg.dir/src/main.cpp.o[0m
[2.437s] [01m[K/home/neubility/ROS/ros2_communication_ws/src/srv_server_pkg/src/main.cpp:43:5:[m[K [01;31m[Kerror: [m[Kâ€˜[01m[KTimeChecker[m[Kâ€™ does not name a type; did you mean â€˜[01m[Ktimespec_get[m[Kâ€™?
[2.438s]      [01;31m[KTimeChecker[m[K tc;
[2.438s]      [01;31m[K^~~~~~~~~~~[m[K
[2.438s]      [32m[Ktimespec_get[m[K
[2.467s] [01m[K/home/neubility/ROS/ros2_communication_ws/src/srv_server_pkg/src/main.cpp:[m[K In member function â€˜[01m[Kvoid MinimalPublisher::timer_callback()[m[Kâ€™:
[2.467s] [01m[K/home/neubility/ROS/ros2_communication_ws/src/srv_server_pkg/src/main.cpp:31:31:[m[K [01;31m[Kerror: [m[Kâ€˜[01m[Ktc[m[Kâ€™ was not declared in this scope
[2.467s]          double tc_calc_time = [01;31m[Ktc[m[K.LoopTimeCalc();
[2.467s]                                [01;31m[K^~[m[K
[2.467s] [01m[K/home/neubility/ROS/ros2_communication_ws/src/srv_server_pkg/src/main.cpp:31:31:[m[K [01;36m[Knote: [m[Ksuggested alternative: â€˜[01m[Ktm[m[Kâ€™
[2.467s]          double tc_calc_time = [01;36m[Ktc[m[K.LoopTimeCalc();
[2.467s]                                [01;36m[K^~[m[K
[2.467s]                                [32m[Ktm[m[K
[3.223s] CMakeFiles/srv_server_pkg.dir/build.make:62: recipe for target 'CMakeFiles/srv_server_pkg.dir/src/main.cpp.o' failed
[3.224s] make[2]: *** [CMakeFiles/srv_server_pkg.dir/src/main.cpp.o] Error 1
[3.224s] make[1]: *** [CMakeFiles/srv_server_pkg.dir/all] Error 2
[3.224s] CMakeFiles/Makefile2:131: recipe for target 'CMakeFiles/srv_server_pkg.dir/all' failed
[3.224s] Makefile:140: recipe for target 'all' failed
[3.224s] make: *** [all] Error 2
[3.225s] Invoked command in '/home/neubility/ROS/ros2_communication_ws/build/srv_server_pkg' returned '2': CMAKE_PREFIX_PATH=/home/neubility/ROS/ros2_communication_ws/install/ex_msg_srv:/home/neubility/ROS/ros2_communication_ws/install/sub_ex:/home/neubility/ROS/ros2_communication_ws/install/pub_ex:/home/neubility/ROS/ros2_communication_ws/install/practice_code_pkg:/opt/ros/eloquent /usr/bin/cmake --build /home/neubility/ROS/ros2_communication_ws/build/srv_server_pkg -- -j16 -l16
