<?xml version="1.0" encoding="UTF-8"?>
<Site BuildName="(empty)"
	BuildStamp="20211214-0632-Experimental"
	Name="neubility"
	Generator="ctest-3.10.2"
	CompilerName="/usr/bin/c++"
	CompilerVersion="7.5.0"
	OSName="Linux"
	Hostname="neubility"
	OSRelease="5.4.0-91-generic"
	OSVersion="#102~18.04.1-Ubuntu SMP Thu Nov 11 14:46:36 UTC 2021"
	OSPlatform="x86_64"
	Is64Bits="1"
	VendorString="AuthenticAMD"
	VendorID="Advanced Micro Devices"
	FamilyID="25"
	ModelID="80"
	ProcessorCacheSize="512"
	NumberOfLogicalCPU="16"
	NumberOfPhysicalCPU="8"
	TotalVirtualMemory="2047"
	TotalPhysicalMemory="23474"
	LogicalProcessorsPerPhysical="2"
	ProcessorClockFrequency="2046.38"
	>
	<Testing>
		<StartDateTime>Dec 14 15:32 KST</StartDateTime>
		<StartTestTime>1639463529</StartTestTime>
		<TestList>
			<Test>./lint_cmake</Test>
			<Test>./xmllint</Test>
		</TestList>
		<Test Status="failed">
			<Name>lint_cmake</Name>
			<Path>.</Path>
			<FullName>./lint_cmake</FullName>
			<FullCommandLine>/usr/bin/python3 "-u" "/opt/ros/eloquent/share/ament_cmake_test/cmake/run_test.py" "/home/neubility/ROS/ros2_communication_ws/build/ex_msg_srv/test_results/ex_msg_srv/lint_cmake.xunit.xml" "--package-name" "ex_msg_srv" "--output-file" "/home/neubility/ROS/ros2_communication_ws/build/ex_msg_srv/ament_lint_cmake/lint_cmake.txt" "--command" "/opt/ros/eloquent/bin/ament_lint_cmake" "--xunit-file" "/home/neubility/ROS/ros2_communication_ws/build/ex_msg_srv/test_results/ex_msg_srv/lint_cmake.xunit.xml"</FullCommandLine>
			<Results>
				<NamedMeasurement type="text/string" name="Exit Code">
					<Value>Failed</Value>
				</NamedMeasurement>
				<NamedMeasurement type="text/string" name="Exit Value">
					<Value>1</Value>
				</NamedMeasurement>
				<NamedMeasurement type="numeric/double" name="Execution Time">
					<Value>0.278528</Value>
				</NamedMeasurement>
				<NamedMeasurement type="numeric/double" name="Processors">
					<Value>1</Value>
				</NamedMeasurement>
				<NamedMeasurement type="text/string" name="Completion Status">
					<Value>Completed</Value>
				</NamedMeasurement>
				<NamedMeasurement type="text/string" name="Command Line">
					<Value>/usr/bin/python3 "-u" "/opt/ros/eloquent/share/ament_cmake_test/cmake/run_test.py" "/home/neubility/ROS/ros2_communication_ws/build/ex_msg_srv/test_results/ex_msg_srv/lint_cmake.xunit.xml" "--package-name" "ex_msg_srv" "--output-file" "/home/neubility/ROS/ros2_communication_ws/build/ex_msg_srv/ament_lint_cmake/lint_cmake.txt" "--command" "/opt/ros/eloquent/bin/ament_lint_cmake" "--xunit-file" "/home/neubility/ROS/ros2_communication_ws/build/ex_msg_srv/test_results/ex_msg_srv/lint_cmake.xunit.xml"</Value>
				</NamedMeasurement>
				<Measurement>
					<Value>-- run_test.py: invoking following command in '/home/neubility/ROS/ros2_communication_ws/src/ex_msg_srv_pkg':
 - /opt/ros/eloquent/bin/ament_lint_cmake --xunit-file /home/neubility/ROS/ros2_communication_ws/build/ex_msg_srv/test_results/ex_msg_srv/lint_cmake.xunit.xml
CMakeLists.txt:22: Mismatching spaces inside () after command [whitespace/mismatch]
CMakeLists.txt:25: Weird indentation; use 2 spaces [whitespace/indent]


2 errors
-- run_test.py: return code 1
-- run_test.py: verify result file '/home/neubility/ROS/ros2_communication_ws/build/ex_msg_srv/test_results/ex_msg_srv/lint_cmake.xunit.xml'
</Value>
				</Measurement>
			</Results>
			<Labels>
				<Label>lint_cmake</Label>
				<Label>linter</Label>
			</Labels>
		</Test>
		<Test Status="passed">
			<Name>xmllint</Name>
			<Path>.</Path>
			<FullName>./xmllint</FullName>
			<FullCommandLine>/usr/bin/python3 "-u" "/opt/ros/eloquent/share/ament_cmake_test/cmake/run_test.py" "/home/neubility/ROS/ros2_communication_ws/build/ex_msg_srv/test_results/ex_msg_srv/xmllint.xunit.xml" "--package-name" "ex_msg_srv" "--output-file" "/home/neubility/ROS/ros2_communication_ws/build/ex_msg_srv/ament_xmllint/xmllint.txt" "--command" "/opt/ros/eloquent/bin/ament_xmllint" "--xunit-file" "/home/neubility/ROS/ros2_communication_ws/build/ex_msg_srv/test_results/ex_msg_srv/xmllint.xunit.xml"</FullCommandLine>
			<Results>
				<NamedMeasurement type="numeric/double" name="Execution Time">
					<Value>2.11418</Value>
				</NamedMeasurement>
				<NamedMeasurement type="numeric/double" name="Processors">
					<Value>1</Value>
				</NamedMeasurement>
				<NamedMeasurement type="text/string" name="Completion Status">
					<Value>Completed</Value>
				</NamedMeasurement>
				<NamedMeasurement type="text/string" name="Command Line">
					<Value>/usr/bin/python3 "-u" "/opt/ros/eloquent/share/ament_cmake_test/cmake/run_test.py" "/home/neubility/ROS/ros2_communication_ws/build/ex_msg_srv/test_results/ex_msg_srv/xmllint.xunit.xml" "--package-name" "ex_msg_srv" "--output-file" "/home/neubility/ROS/ros2_communication_ws/build/ex_msg_srv/ament_xmllint/xmllint.txt" "--command" "/opt/ros/eloquent/bin/ament_xmllint" "--xunit-file" "/home/neubility/ROS/ros2_communication_ws/build/ex_msg_srv/test_results/ex_msg_srv/xmllint.xunit.xml"</Value>
				</NamedMeasurement>
				<Measurement>
					<Value>-- run_test.py: invoking following command in '/home/neubility/ROS/ros2_communication_ws/src/ex_msg_srv_pkg':
 - /opt/ros/eloquent/bin/ament_xmllint --xunit-file /home/neubility/ROS/ros2_communication_ws/build/ex_msg_srv/test_results/ex_msg_srv/xmllint.xunit.xml
File 'package.xml' is valid

No problems found
-- run_test.py: return code 0
-- run_test.py: verify result file '/home/neubility/ROS/ros2_communication_ws/build/ex_msg_srv/test_results/ex_msg_srv/xmllint.xunit.xml'
</Value>
				</Measurement>
			</Results>
			<Labels>
				<Label>linter</Label>
				<Label>xmllint</Label>
			</Labels>
		</Test>
		<EndDateTime>Dec 14 15:32 KST</EndDateTime>
		<EndTestTime>1639463532</EndTestTime>
		<ElapsedMinutes>0</ElapsedMinutes>
	</Testing>
</Site>
