[0.000000] (-) TimerEvent: {}
[0.000833] (ex_msg_srv) JobQueued: {'identifier': 'ex_msg_srv', 'dependencies': OrderedDict([('ex_msg_srv', '/home/neubility/ROS/ros2_communication_ws/install/ex_msg_srv')])}
[0.002363] (sub_ex) JobQueued: {'identifier': 'sub_ex', 'dependencies': OrderedDict([('sub_ex', '/home/neubility/ROS/ros2_communication_ws/install/sub_ex')])}
[0.002760] (pub_ex) JobQueued: {'identifier': 'pub_ex', 'dependencies': OrderedDict([('ex_msg_srv', '/home/neubility/ROS/ros2_communication_ws/install/ex_msg_srv'), ('pub_ex', '/home/neubility/ROS/ros2_communication_ws/install/pub_ex')])}
[0.002978] (ex_msg_srv) JobStarted: {'identifier': 'ex_msg_srv'}
[0.007979] (ex_msg_srv) StderrLine: {'line': b'Traceback (most recent call last):\n  File "/usr/lib/python3/dist-packages/colcon_core/executor/__init__.py", line 91, in __call__\n    rc = await self.task(*args, **kwargs)\n  File "/usr/lib/python3/dist-packages/colcon_core/task/__init__.py", line 93, in __call__\n    return await task_method(*args, **kwargs)\n  File "/usr/lib/python3/dist-packages/colcon_ros/task/ament_cmake/test.py", line 29, in test\n    return await extension.test()\n  File "/usr/lib/python3/dist-packages/colcon_cmake/task/cmake/test.py", line 46, in test\n    \'Has this package been built before?\'\nAssertionError: Has this package been built before?\n'}
[0.011726] (ex_msg_srv) JobEnded: {'identifier': 'ex_msg_srv', 'rc': 1}
[0.013285] (sub_ex) JobStarted: {'identifier': 'sub_ex'}
[0.013534] (sub_ex) StderrLine: {'line': b'Traceback (most recent call last):\n  File "/usr/lib/python3/dist-packages/colcon_core/executor/__init__.py", line 91, in __call__\n    rc = await self.task(*args, **kwargs)\n  File "/usr/lib/python3/dist-packages/colcon_core/task/__init__.py", line 93, in __call__\n    return await task_method(*args, **kwargs)\n  File "/usr/lib/python3/dist-packages/colcon_ros/task/ament_cmake/test.py", line 29, in test\n    return await extension.test()\n  File "/usr/lib/python3/dist-packages/colcon_cmake/task/cmake/test.py", line 46, in test\n    \'Has this package been built before?\'\nAssertionError: Has this package been built before?\n'}
[0.014626] (sub_ex) JobEnded: {'identifier': 'sub_ex', 'rc': 1}
[0.015637] (pub_ex) JobStarted: {'identifier': 'pub_ex'}
[0.015794] (pub_ex) StderrLine: {'line': b'Traceback (most recent call last):\n  File "/usr/lib/python3/dist-packages/colcon_core/executor/__init__.py", line 91, in __call__\n    rc = await self.task(*args, **kwargs)\n  File "/usr/lib/python3/dist-packages/colcon_core/task/__init__.py", line 93, in __call__\n    return await task_method(*args, **kwargs)\n  File "/usr/lib/python3/dist-packages/colcon_ros/task/ament_cmake/test.py", line 29, in test\n    return await extension.test()\n  File "/usr/lib/python3/dist-packages/colcon_cmake/task/cmake/test.py", line 46, in test\n    \'Has this package been built before?\'\nAssertionError: Has this package been built before?\n'}
[0.016997] (pub_ex) JobEnded: {'identifier': 'pub_ex', 'rc': 1}
[0.022212] (-) EventReactorShutdown: {}
