[35m[1mScanning dependencies of target practice_code_pkg[0m
[ 33%] [32mBuilding CXX object CMakeFiles/practice_code_pkg.dir/src/main.cpp.o[0m
[01m[K/home/neubility/ROS/ros2_communication_ws/src/practice_code_pkg/src/main.cpp:[m[K In function â€˜[01m[Kvoid* ThreadNB(void*)[m[Kâ€™:
[01m[K/home/neubility/ROS/ros2_communication_ws/src/practice_code_pkg/src/main.cpp:100:1:[m[K [01;35m[Kwarning: [m[Kno return statement in function returning non-void [[01;35m[K-Wreturn-type[m[K]
 [01;35m[K}[m[K
 [01;35m[K^[m[K
[01m[K/home/neubility/ROS/ros2_communication_ws/src/practice_code_pkg/src/main.cpp:97:22:[m[K [01;35m[Kwarning: [m[Kunused parameter â€˜[01m[Kparam[m[Kâ€™ [[01;35m[K-Wunused-parameter[m[K]
 void *ThreadNB(void *[01;35m[Kparam[m[K)
                      [01;35m[K^~~~~[m[K
[01m[K/home/neubility/ROS/ros2_communication_ws/src/practice_code_pkg/src/main.cpp:[m[K In function â€˜[01m[Kint main(int, char**)[m[Kâ€™:
[01m[K/home/neubility/ROS/ros2_communication_ws/src/practice_code_pkg/src/main.cpp:119:56:[m[K [01;31m[Kerror: [m[Kexpected unqualified-id before â€˜[01m[K:[m[Kâ€™ token
     std::shared_ptr<rclcpp::Node> node = rclcpp::Node::[01;31m[K:[m[Kmake_shared("add_three_ints_client");
                                                        [01;31m[K^[m[K
[01m[K/home/neubility/ROS/ros2_communication_ws/src/practice_code_pkg/src/main.cpp:126:37:[m[K [01;31m[Kerror: [m[Kâ€˜[01m[Kis[m[Kâ€™ was not declared in this scope
     while(!client->wait_for_service([01;31m[Kis[m[K))
                                     [01;31m[K^~[m[K
make[2]: *** [CMakeFiles/practice_code_pkg.dir/src/main.cpp.o] Error 1
CMakeFiles/practice_code_pkg.dir/build.make:62: recipe for target 'CMakeFiles/practice_code_pkg.dir/src/main.cpp.o' failed
CMakeFiles/Makefile2:131: recipe for target 'CMakeFiles/practice_code_pkg.dir/all' failed
make[1]: *** [CMakeFiles/practice_code_pkg.dir/all] Error 2
Makefile:140: recipe for target 'all' failed
make: *** [all] Error 2
