[0.015s] Invoking command in '/home/neubility/ROS/ros2_communication_ws/build/practice_code_pkg': CMAKE_PREFIX_PATH=/home/neubility/ROS/ros2_communication_ws/install/ex_msg_srv:/home/neubility/ROS/ros2_communication_ws/install/sub_ex:/home/neubility/ROS/ros2_communication_ws/install/pub_ex:/home/neubility/ROS/ros2_communication_ws/install/practice_code_pkg:/opt/ros/eloquent /usr/bin/cmake --build /home/neubility/ROS/ros2_communication_ws/build/practice_code_pkg -- -j16 -l16
[0.051s] [35m[1mScanning dependencies of target practice_code_pkg[0m
[0.073s] [ 33%] [32mBuilding CXX object CMakeFiles/practice_code_pkg.dir/src/main.cpp.o[0m
[1.786s] [01m[K/home/neubility/ROS/ros2_communication_ws/src/practice_code_pkg/src/main.cpp:[m[K In function â€˜[01m[Kvoid* ThreadNB(void*)[m[Kâ€™:
[1.786s] [01m[K/home/neubility/ROS/ros2_communication_ws/src/practice_code_pkg/src/main.cpp:100:1:[m[K [01;35m[Kwarning: [m[Kno return statement in function returning non-void [[01;35m[K-Wreturn-type[m[K]
[1.786s]  [01;35m[K}[m[K
[1.786s]  [01;35m[K^[m[K
[1.786s] [01m[K/home/neubility/ROS/ros2_communication_ws/src/practice_code_pkg/src/main.cpp:97:22:[m[K [01;35m[Kwarning: [m[Kunused parameter â€˜[01m[Kparam[m[Kâ€™ [[01;35m[K-Wunused-parameter[m[K]
[1.787s]  void *ThreadNB(void *[01;35m[Kparam[m[K)
[1.787s]                       [01;35m[K^~~~~[m[K
[1.787s] [01m[K/home/neubility/ROS/ros2_communication_ws/src/practice_code_pkg/src/main.cpp:[m[K In function â€˜[01m[Kint main(int, char**)[m[Kâ€™:
[1.787s] [01m[K/home/neubility/ROS/ros2_communication_ws/src/practice_code_pkg/src/main.cpp:119:56:[m[K [01;31m[Kerror: [m[Kexpected unqualified-id before â€˜[01m[K:[m[Kâ€™ token
[1.787s]      std::shared_ptr<rclcpp::Node> node = rclcpp::Node::[01;31m[K:[m[Kmake_shared("add_three_ints_client");
[1.787s]                                                         [01;31m[K^[m[K
[1.798s] [01m[K/home/neubility/ROS/ros2_communication_ws/src/practice_code_pkg/src/main.cpp:126:37:[m[K [01;31m[Kerror: [m[Kâ€˜[01m[Kis[m[Kâ€™ was not declared in this scope
[1.798s]      while(!client->wait_for_service([01;31m[Kis[m[K))
[1.798s]                                      [01;31m[K^~[m[K
[2.877s] make[2]: *** [CMakeFiles/practice_code_pkg.dir/src/main.cpp.o] Error 1
[2.878s] CMakeFiles/practice_code_pkg.dir/build.make:62: recipe for target 'CMakeFiles/practice_code_pkg.dir/src/main.cpp.o' failed
[2.878s] CMakeFiles/Makefile2:131: recipe for target 'CMakeFiles/practice_code_pkg.dir/all' failed
[2.878s] make[1]: *** [CMakeFiles/practice_code_pkg.dir/all] Error 2
[2.879s] Makefile:140: recipe for target 'all' failed
[2.879s] make: *** [all] Error 2
[2.880s] Invoked command in '/home/neubility/ROS/ros2_communication_ws/build/practice_code_pkg' returned '2': CMAKE_PREFIX_PATH=/home/neubility/ROS/ros2_communication_ws/install/ex_msg_srv:/home/neubility/ROS/ros2_communication_ws/install/sub_ex:/home/neubility/ROS/ros2_communication_ws/install/pub_ex:/home/neubility/ROS/ros2_communication_ws/install/practice_code_pkg:/opt/ros/eloquent /usr/bin/cmake --build /home/neubility/ROS/ros2_communication_ws/build/practice_code_pkg -- -j16 -l16
