[01m[K/home/neubility/ROS/ros2_communication_ws/src/srv_client_pkg/src/main.cpp:[m[K In function â€˜[01m[Kint main(int, char**)[m[Kâ€™:
[01m[K/home/neubility/ROS/ros2_communication_ws/src/srv_client_pkg/src/main.cpp:31:35:[m[K [01;31m[Kerror: [m[Kâ€˜[01m[KMinimalPublisher[m[Kâ€™ was not declared in this scope
     rclcpp::spin(std::make_shared<[01;31m[KMinimalPublisher[m[K>());
                                   [01;31m[K^~~~~~~~~~~~~~~~[m[K
[01m[K/home/neubility/ROS/ros2_communication_ws/src/srv_client_pkg/src/main.cpp:31:53:[m[K [01;31m[Kerror: [m[Kno matching function for call to â€˜[01m[Kmake_shared<<expression error> >()[m[Kâ€™
     rclcpp::spin(std::make_shared<MinimalPublisher>([01;31m[K)[m[K);
                                                     [01;31m[K^[m[K
In file included from [01m[K/usr/include/c++/7/memory:81:0[m[K,
                 from [01m[K/home/neubility/ROS/ros2_communication_ws/src/srv_client_pkg/src/main.cpp:3[m[K:
[01m[K/usr/include/c++/7/bits/shared_ptr.h:703:5:[m[K [01;36m[Knote: [m[Kcandidate: template<class _Tp, class ... _Args> std::shared_ptr<_Tp> std::make_shared(_Args&& ...)
     [01;36m[Kmake_shared[m[K(_Args&&... __args)
     [01;36m[K^~~~~~~~~~~[m[K
[01m[K/usr/include/c++/7/bits/shared_ptr.h:703:5:[m[K [01;36m[Knote: [m[K  template argument deduction/substitution failed:
[01m[K/home/neubility/ROS/ros2_communication_ws/src/srv_client_pkg/src/main.cpp:31:53:[m[K [01;31m[Kerror: [m[Ktemplate argument 1 is invalid
     rclcpp::spin(std::make_shared<MinimalPublisher>([01;31m[K)[m[K);
                                                     [01;31m[K^[m[K
make[2]: *** [CMakeFiles/srv_client_pkg.dir/src/main.cpp.o] Error 1
make[1]: *** [CMakeFiles/srv_client_pkg.dir/all] Error 2
make: *** [all] Error 2
