-- The C compiler identification is GNU 7.5.0
-- The CXX compiler identification is GNU 7.5.0
-- Check for working C compiler: /usr/bin/cc
-- Check for working C compiler: /usr/bin/cc -- works
-- Detecting C compiler ABI info
-- Detecting C compiler ABI info - done
-- Detecting C compile features
-- Detecting C compile features - done
-- Check for working CXX compiler: /usr/bin/c++
-- Check for working CXX compiler: /usr/bin/c++ -- works
-- Detecting CXX compiler ABI info
-- Detecting CXX compiler ABI info - done
-- Detecting CXX compile features
-- Detecting CXX compile features - done
-- Found ament_cmake: 0.8.3 (/opt/ros/eloquent/share/ament_cmake/cmake)
-- Found PythonInterp: /usr/bin/python3 (found suitable version "3.6.9", minimum required is "3") 
-- Using PYTHON_EXECUTABLE: /usr/bin/python3
-- Found rclcpp: 0.8.5 (/opt/ros/eloquent/share/rclcpp/cmake)
-- Found rosidl_adapter: 0.8.3 (/opt/ros/eloquent/share/rosidl_adapter/cmake)
-- Found rmw_implementation_cmake: 0.8.1 (/opt/ros/eloquent/share/rmw_implementation_cmake/cmake)
-- Using RMW implementation 'rmw_cyclonedds_cpp' as default
-- Looking for pthread.h
-- Looking for pthread.h - found
-- Looking for pthread_create
-- Looking for pthread_create - not found
-- Looking for pthread_create in pthreads
-- Looking for pthread_create in pthreads - not found
-- Looking for pthread_create in pthread
-- Looking for pthread_create in pthread - found
-- Found Threads: TRUE  
-- Found std_msgs: 0.8.1 (/opt/ros/eloquent/share/std_msgs/cmake)
-- Found ex_msg_srv: 0.0.0 (/home/neubility/ROS/ros2_communication_ws/install/ex_msg_srv/share/ex_msg_srv/cmake)
-- Configuring done
-- Generating done
-- Build files have been written to: /home/neubility/ROS/ros2_communication_ws/build/srv_client_pkg
[35m[1mScanning dependencies of target srv_client_pkg[0m
[ 50%] [32mBuilding CXX object CMakeFiles/srv_client_pkg.dir/src/main.cpp.o[0m
[01m[K/home/neubility/ROS/ros2_communication_ws/src/srv_client_pkg/src/main.cpp:[m[K In function â€˜[01m[Kint main(int, char**)[m[Kâ€™:
[01m[K/home/neubility/ROS/ros2_communication_ws/src/srv_client_pkg/src/main.cpp:31:35:[m[K [01;31m[Kerror: [m[Kâ€˜[01m[KMinimalPublisher[m[Kâ€™ was not declared in this scope
     rclcpp::spin(std::make_shared<[01;31m[KMinimalPublisher[m[K>());
                                   [01;31m[K^~~~~~~~~~~~~~~~[m[K
[01m[K/home/neubility/ROS/ros2_communication_ws/src/srv_client_pkg/src/main.cpp:31:53:[m[K [01;31m[Kerror: [m[Kno matching function for call to â€˜[01m[Kmake_shared<<expression error> >()[m[Kâ€™
     rclcpp::spin(std::make_shared<MinimalPublisher>([01;31m[K)[m[K);
                                                     [01;31m[K^[m[K
In file included from [01m[K/usr/include/c++/7/memory:81:0[m[K,
                 from [01m[K/home/neubility/ROS/ros2_communication_ws/src/srv_client_pkg/src/main.cpp:3[m[K:
[01m[K/usr/include/c++/7/bits/shared_ptr.h:703:5:[m[K [01;36m[Knote: [m[Kcandidate: template<class _Tp, class ... _Args> std::shared_ptr<_Tp> std::make_shared(_Args&& ...)
     [01;36m[Kmake_shared[m[K(_Args&&... __args)
     [01;36m[K^~~~~~~~~~~[m[K
[01m[K/usr/include/c++/7/bits/shared_ptr.h:703:5:[m[K [01;36m[Knote: [m[K  template argument deduction/substitution failed:
[01m[K/home/neubility/ROS/ros2_communication_ws/src/srv_client_pkg/src/main.cpp:31:53:[m[K [01;31m[Kerror: [m[Ktemplate argument 1 is invalid
     rclcpp::spin(std::make_shared<MinimalPublisher>([01;31m[K)[m[K);
                                                     [01;31m[K^[m[K
CMakeFiles/srv_client_pkg.dir/build.make:62: recipe for target 'CMakeFiles/srv_client_pkg.dir/src/main.cpp.o' failed
make[2]: *** [CMakeFiles/srv_client_pkg.dir/src/main.cpp.o] Error 1
make[1]: *** [CMakeFiles/srv_client_pkg.dir/all] Error 2
make: *** [all] Error 2
CMakeFiles/Makefile2:131: recipe for target 'CMakeFiles/srv_client_pkg.dir/all' failed
Makefile:140: recipe for target 'all' failed
