[0.022s] Invoking command in '/home/neubility/ROS/ros2_communication_ws/build/srv_client_pkg': CMAKE_PREFIX_PATH=/home/neubility/ROS/ros2_communication_ws/install/ex_msg_srv:/home/neubility/ROS/ros2_communication_ws/install/sub_ex:/home/neubility/ROS/ros2_communication_ws/install/srv_server_pkg:/home/neubility/ROS/ros2_communication_ws/install/pub_ex:/home/neubility/ROS/ros2_communication_ws/install/practice_code_pkg:/opt/ros/eloquent /usr/bin/cmake /home/neubility/ROS/ros2_communication_ws/src/srv_client_pkg -DCMAKE_INSTALL_PREFIX=/home/neubility/ROS/ros2_communication_ws/install/srv_client_pkg
[0.070s] -- The C compiler identification is GNU 7.5.0
[0.116s] -- The CXX compiler identification is GNU 7.5.0
[0.119s] -- Check for working C compiler: /usr/bin/cc
[0.175s] -- Check for working C compiler: /usr/bin/cc -- works
[0.175s] -- Detecting C compiler ABI info
[0.233s] -- Detecting C compiler ABI info - done
[0.238s] -- Detecting C compile features
[0.406s] -- Detecting C compile features - done
[0.408s] -- Check for working CXX compiler: /usr/bin/c++
[0.469s] -- Check for working CXX compiler: /usr/bin/c++ -- works
[0.470s] -- Detecting CXX compiler ABI info
[0.539s] -- Detecting CXX compiler ABI info - done
[0.543s] -- Detecting CXX compile features
[0.916s] -- Detecting CXX compile features - done
[0.917s] -- Found ament_cmake: 0.8.3 (/opt/ros/eloquent/share/ament_cmake/cmake)
[0.944s] -- Found PythonInterp: /usr/bin/python3 (found suitable version "3.6.9", minimum required is "3") 
[0.944s] -- Using PYTHON_EXECUTABLE: /usr/bin/python3
[1.104s] -- Found rclcpp: 0.8.5 (/opt/ros/eloquent/share/rclcpp/cmake)
[1.118s] -- Found rosidl_adapter: 0.8.3 (/opt/ros/eloquent/share/rosidl_adapter/cmake)
[1.149s] -- Found rmw_implementation_cmake: 0.8.1 (/opt/ros/eloquent/share/rmw_implementation_cmake/cmake)
[1.150s] -- Using RMW implementation 'rmw_cyclonedds_cpp' as default
[1.151s] -- Looking for pthread.h
[1.232s] -- Looking for pthread.h - found
[1.233s] -- Looking for pthread_create
[1.328s] -- Looking for pthread_create - not found
[1.329s] -- Looking for pthread_create in pthreads
[1.408s] -- Looking for pthread_create in pthreads - not found
[1.408s] -- Looking for pthread_create in pthread
[1.489s] -- Looking for pthread_create in pthread - found
[1.490s] -- Found Threads: TRUE  
[1.521s] -- Found std_msgs: 0.8.1 (/opt/ros/eloquent/share/std_msgs/cmake)
[1.524s] -- Found ex_msg_srv: 0.0.0 (/home/neubility/ROS/ros2_communication_ws/install/ex_msg_srv/share/ex_msg_srv/cmake)
[1.606s] -- Configuring done
[1.613s] -- Generating done
[1.614s] -- Build files have been written to: /home/neubility/ROS/ros2_communication_ws/build/srv_client_pkg
[1.618s] Invoked command in '/home/neubility/ROS/ros2_communication_ws/build/srv_client_pkg' returned '0': CMAKE_PREFIX_PATH=/home/neubility/ROS/ros2_communication_ws/install/ex_msg_srv:/home/neubility/ROS/ros2_communication_ws/install/sub_ex:/home/neubility/ROS/ros2_communication_ws/install/srv_server_pkg:/home/neubility/ROS/ros2_communication_ws/install/pub_ex:/home/neubility/ROS/ros2_communication_ws/install/practice_code_pkg:/opt/ros/eloquent /usr/bin/cmake /home/neubility/ROS/ros2_communication_ws/src/srv_client_pkg -DCMAKE_INSTALL_PREFIX=/home/neubility/ROS/ros2_communication_ws/install/srv_client_pkg
[1.623s] Invoking command in '/home/neubility/ROS/ros2_communication_ws/build/srv_client_pkg': CMAKE_PREFIX_PATH=/home/neubility/ROS/ros2_communication_ws/install/ex_msg_srv:/home/neubility/ROS/ros2_communication_ws/install/sub_ex:/home/neubility/ROS/ros2_communication_ws/install/srv_server_pkg:/home/neubility/ROS/ros2_communication_ws/install/pub_ex:/home/neubility/ROS/ros2_communication_ws/install/practice_code_pkg:/opt/ros/eloquent /usr/bin/cmake --build /home/neubility/ROS/ros2_communication_ws/build/srv_client_pkg -- -j16 -l16
[1.669s] [35m[1mScanning dependencies of target srv_client_pkg[0m
[1.705s] [ 50%] [32mBuilding CXX object CMakeFiles/srv_client_pkg.dir/src/main.cpp.o[0m
[2.415s] [01m[K/home/neubility/ROS/ros2_communication_ws/src/srv_client_pkg/src/main.cpp:[m[K In function â€˜[01m[Kint main(int, char**)[m[Kâ€™:
[2.415s] [01m[K/home/neubility/ROS/ros2_communication_ws/src/srv_client_pkg/src/main.cpp:31:35:[m[K [01;31m[Kerror: [m[Kâ€˜[01m[KMinimalPublisher[m[Kâ€™ was not declared in this scope
[2.416s]      rclcpp::spin(std::make_shared<[01;31m[KMinimalPublisher[m[K>());
[2.416s]                                    [01;31m[K^~~~~~~~~~~~~~~~[m[K
[2.417s] [01m[K/home/neubility/ROS/ros2_communication_ws/src/srv_client_pkg/src/main.cpp:31:53:[m[K [01;31m[Kerror: [m[Kno matching function for call to â€˜[01m[Kmake_shared<<expression error> >()[m[Kâ€™
[2.418s]      rclcpp::spin(std::make_shared<MinimalPublisher>([01;31m[K)[m[K);
[2.418s]                                                      [01;31m[K^[m[K
[2.418s] In file included from [01m[K/usr/include/c++/7/memory:81:0[m[K,
[2.418s]                  from [01m[K/home/neubility/ROS/ros2_communication_ws/src/srv_client_pkg/src/main.cpp:3[m[K:
[2.418s] [01m[K/usr/include/c++/7/bits/shared_ptr.h:703:5:[m[K [01;36m[Knote: [m[Kcandidate: template<class _Tp, class ... _Args> std::shared_ptr<_Tp> std::make_shared(_Args&& ...)
[2.418s]      [01;36m[Kmake_shared[m[K(_Args&&... __args)
[2.418s]      [01;36m[K^~~~~~~~~~~[m[K
[2.418s] [01m[K/usr/include/c++/7/bits/shared_ptr.h:703:5:[m[K [01;36m[Knote: [m[K  template argument deduction/substitution failed:
[2.419s] [01m[K/home/neubility/ROS/ros2_communication_ws/src/srv_client_pkg/src/main.cpp:31:53:[m[K [01;31m[Kerror: [m[Ktemplate argument 1 is invalid
[2.419s]      rclcpp::spin(std::make_shared<MinimalPublisher>([01;31m[K)[m[K);
[2.419s]                                                      [01;31m[K^[m[K
[2.594s] CMakeFiles/srv_client_pkg.dir/build.make:62: recipe for target 'CMakeFiles/srv_client_pkg.dir/src/main.cpp.o' failed
[2.594s] make[2]: *** [CMakeFiles/srv_client_pkg.dir/src/main.cpp.o] Error 1
[2.595s] make[1]: *** [CMakeFiles/srv_client_pkg.dir/all] Error 2
[2.595s] make: *** [all] Error 2
[2.595s] CMakeFiles/Makefile2:131: recipe for target 'CMakeFiles/srv_client_pkg.dir/all' failed
[2.595s] Makefile:140: recipe for target 'all' failed
[2.596s] Invoked command in '/home/neubility/ROS/ros2_communication_ws/build/srv_client_pkg' returned '2': CMAKE_PREFIX_PATH=/home/neubility/ROS/ros2_communication_ws/install/ex_msg_srv:/home/neubility/ROS/ros2_communication_ws/install/sub_ex:/home/neubility/ROS/ros2_communication_ws/install/srv_server_pkg:/home/neubility/ROS/ros2_communication_ws/install/pub_ex:/home/neubility/ROS/ros2_communication_ws/install/practice_code_pkg:/opt/ros/eloquent /usr/bin/cmake --build /home/neubility/ROS/ros2_communication_ws/build/srv_client_pkg -- -j16 -l16
