[01m[K/home/neubility/ROS/ros2_communication_ws/src/practice_code_pkg/src/main.cpp:[m[K In function â€˜[01m[Kint main(int, char**)[m[Kâ€™:
[01m[K/home/neubility/ROS/ros2_communication_ws/src/practice_code_pkg/src/main.cpp:74:25:[m[K [01;31m[Kerror: [m[Kâ€˜[01m[Kmutex_lock[m[Kâ€™ was not declared in this scope
     pthread_mutex_init(&[01;31m[Kmutex_lock[m[K, NULL);
                         [01;31m[K^~~~~~~~~~[m[K
[01m[K/home/neubility/ROS/ros2_communication_ws/src/practice_code_pkg/src/main.cpp:74:25:[m[K [01;36m[Knote: [m[Ksuggested alternative: â€˜[01m[KCvSeqBlock[m[Kâ€™
     pthread_mutex_init(&[01;36m[Kmutex_lock[m[K, NULL);
                         [01;36m[K^~~~~~~~~~[m[K
                         [32m[KCvSeqBlock[m[K
[01m[K/home/neubility/ROS/ros2_communication_ws/src/practice_code_pkg/src/main.cpp:76:15:[m[K [01;35m[Kwarning: [m[Kunused variable â€˜[01m[Kp_thread[m[Kâ€™ [[01;35m[K-Wunused-variable[m[K]
     pthread_t [01;35m[Kp_thread[m[K;
               [01;35m[K^~~~~~~~[m[K
make[2]: *** [CMakeFiles/practice_code_pkg.dir/src/main.cpp.o] Error 1
make[1]: *** [CMakeFiles/practice_code_pkg.dir/all] Error 2
make: *** [all] Error 2
