[0.012s] Invoking command in '/home/neubility/ROS/ros2_communication_ws/build/practice_code_pkg': AMENT_PREFIX_PATH=/home/neubility/ROS/ros2_communication_ws/install/ex_msg_srv:${AMENT_PREFIX_PATH} CMAKE_PREFIX_PATH=/home/neubility/ROS/ros2_communication_ws/install/ex_msg_srv:/opt/ros/eloquent LD_LIBRARY_PATH=/home/neubility/ROS/ros2_communication_ws/install/ex_msg_srv/lib:${LD_LIBRARY_PATH} PYTHONPATH=/home/neubility/ROS/ros2_communication_ws/install/ex_msg_srv/lib/python3.6/site-packages:${PYTHONPATH} /usr/bin/cmake --build /home/neubility/ROS/ros2_communication_ws/build/practice_code_pkg -- -j16 -l16
[0.056s] [35m[1mScanning dependencies of target practice_code_pkg[0m
[0.078s] [ 33%] [32mBuilding CXX object CMakeFiles/practice_code_pkg.dir/src/main.cpp.o[0m
[1.776s] [01m[K/home/neubility/ROS/ros2_communication_ws/src/practice_code_pkg/src/main.cpp:[m[K In function â€˜[01m[Kint main(int, char**)[m[Kâ€™:
[1.776s] [01m[K/home/neubility/ROS/ros2_communication_ws/src/practice_code_pkg/src/main.cpp:74:25:[m[K [01;31m[Kerror: [m[Kâ€˜[01m[Kmutex_lock[m[Kâ€™ was not declared in this scope
[1.776s]      pthread_mutex_init(&[01;31m[Kmutex_lock[m[K, NULL);
[1.777s]                          [01;31m[K^~~~~~~~~~[m[K
[1.778s] [01m[K/home/neubility/ROS/ros2_communication_ws/src/practice_code_pkg/src/main.cpp:74:25:[m[K [01;36m[Knote: [m[Ksuggested alternative: â€˜[01m[KCvSeqBlock[m[Kâ€™
[1.778s]      pthread_mutex_init(&[01;36m[Kmutex_lock[m[K, NULL);
[1.778s]                          [01;36m[K^~~~~~~~~~[m[K
[1.778s]                          [32m[KCvSeqBlock[m[K
[1.783s] [01m[K/home/neubility/ROS/ros2_communication_ws/src/practice_code_pkg/src/main.cpp:76:15:[m[K [01;35m[Kwarning: [m[Kunused variable â€˜[01m[Kp_thread[m[Kâ€™ [[01;35m[K-Wunused-variable[m[K]
[1.783s]      pthread_t [01;35m[Kp_thread[m[K;
[1.784s]                [01;35m[K^~~~~~~~[m[K
[2.359s] make[2]: *** [CMakeFiles/practice_code_pkg.dir/src/main.cpp.o] Error 1
[2.359s] CMakeFiles/practice_code_pkg.dir/build.make:62: recipe for target 'CMakeFiles/practice_code_pkg.dir/src/main.cpp.o' failed
[2.359s] CMakeFiles/Makefile2:131: recipe for target 'CMakeFiles/practice_code_pkg.dir/all' failed
[2.359s] make[1]: *** [CMakeFiles/practice_code_pkg.dir/all] Error 2
[2.359s] Makefile:140: recipe for target 'all' failed
[2.360s] make: *** [all] Error 2
[2.361s] Invoked command in '/home/neubility/ROS/ros2_communication_ws/build/practice_code_pkg' returned '2': AMENT_PREFIX_PATH=/home/neubility/ROS/ros2_communication_ws/install/ex_msg_srv:${AMENT_PREFIX_PATH} CMAKE_PREFIX_PATH=/home/neubility/ROS/ros2_communication_ws/install/ex_msg_srv:/opt/ros/eloquent LD_LIBRARY_PATH=/home/neubility/ROS/ros2_communication_ws/install/ex_msg_srv/lib:${LD_LIBRARY_PATH} PYTHONPATH=/home/neubility/ROS/ros2_communication_ws/install/ex_msg_srv/lib/python3.6/site-packages:${PYTHONPATH} /usr/bin/cmake --build /home/neubility/ROS/ros2_communication_ws/build/practice_code_pkg -- -j16 -l16
