[01m[K/home/neubility/ROS/ros2_communication_ws/src/srv_server_pkg/src/main.cpp:[m[K In member function â€˜[01m[Kvoid MinimalPublisher::timer_callback()[m[Kâ€™:
[01m[K/home/neubility/ROS/ros2_communication_ws/src/srv_server_pkg/src/main.cpp:31:22:[m[K [01;31m[Kerror: [m[Kâ€˜[01m[Ktc_calc_time[m[Kâ€™ was not declared in this scope
         std::cout << [01;31m[Ktc_calc_time[m[K << std::endl;
                      [01;31m[K^~~~~~~~~~~~[m[K
[01m[K/home/neubility/ROS/ros2_communication_ws/src/srv_server_pkg/src/main.cpp:31:22:[m[K [01;36m[Knote: [m[Ksuggested alternative: â€˜[01m[Klocaltime[m[Kâ€™
         std::cout << [01;36m[Ktc_calc_time[m[K << std::endl;
                      [01;36m[K^~~~~~~~~~~~[m[K
                      [32m[Klocaltime[m[K
make[2]: *** [CMakeFiles/srv_server_pkg.dir/src/main.cpp.o] Error 1
make[1]: *** [CMakeFiles/srv_server_pkg.dir/all] Error 2
make: *** [all] Error 2
