[0.012s] Invoking command in '/home/neubility/ROS/ros2_communication_ws/build/practice_code_pkg': CMAKE_PREFIX_PATH=/home/neubility/ROS/ros2_communication_ws/install/ex_msg_srv:/home/neubility/ROS/ros2_communication_ws/install/sub_ex:/home/neubility/ROS/ros2_communication_ws/install/pub_ex:/home/neubility/ROS/ros2_communication_ws/install/practice_code_pkg:/opt/ros/eloquent /usr/bin/cmake /home/neubility/ROS/ros2_communication_ws/src/practice_code_pkg -DCMAKE_INSTALL_PREFIX=/home/neubility/ROS/ros2_communication_ws/install/practice_code_pkg
[0.023s] -- Found ament_cmake: 0.8.3 (/opt/ros/eloquent/share/ament_cmake/cmake)
[0.047s] -- Using PYTHON_EXECUTABLE: /usr/bin/python3
[0.180s] -- Found rclcpp: 0.8.5 (/opt/ros/eloquent/share/rclcpp/cmake)
[0.195s] -- Found rosidl_adapter: 0.8.3 (/opt/ros/eloquent/share/rosidl_adapter/cmake)
[0.216s] -- Found rmw_implementation_cmake: 0.8.1 (/opt/ros/eloquent/share/rmw_implementation_cmake/cmake)
[0.217s] -- Using RMW implementation 'rmw_cyclonedds_cpp' as default
[0.237s] -- Found std_msgs: 0.8.1 (/opt/ros/eloquent/share/std_msgs/cmake)
[0.240s] -- Found ex_msg_srv: 0.0.0 (/home/neubility/ROS/ros2_communication_ws/install/ex_msg_srv/share/ex_msg_srv/cmake)
[0.327s] -- Configuring done
[0.340s] -- Generating done
[0.341s] -- Build files have been written to: /home/neubility/ROS/ros2_communication_ws/build/practice_code_pkg
[0.344s] Invoked command in '/home/neubility/ROS/ros2_communication_ws/build/practice_code_pkg' returned '0': CMAKE_PREFIX_PATH=/home/neubility/ROS/ros2_communication_ws/install/ex_msg_srv:/home/neubility/ROS/ros2_communication_ws/install/sub_ex:/home/neubility/ROS/ros2_communication_ws/install/pub_ex:/home/neubility/ROS/ros2_communication_ws/install/practice_code_pkg:/opt/ros/eloquent /usr/bin/cmake /home/neubility/ROS/ros2_communication_ws/src/practice_code_pkg -DCMAKE_INSTALL_PREFIX=/home/neubility/ROS/ros2_communication_ws/install/practice_code_pkg
[0.347s] Invoking command in '/home/neubility/ROS/ros2_communication_ws/build/practice_code_pkg': CMAKE_PREFIX_PATH=/home/neubility/ROS/ros2_communication_ws/install/ex_msg_srv:/home/neubility/ROS/ros2_communication_ws/install/sub_ex:/home/neubility/ROS/ros2_communication_ws/install/pub_ex:/home/neubility/ROS/ros2_communication_ws/install/practice_code_pkg:/opt/ros/eloquent /usr/bin/cmake --build /home/neubility/ROS/ros2_communication_ws/build/practice_code_pkg -- -j16 -l16
[0.396s] [35m[1mScanning dependencies of target practice_code_pkg[0m
[0.416s] [ 33%] [32mBuilding CXX object CMakeFiles/practice_code_pkg.dir/src/main.cpp.o[0m
[1.857s] [01m[K/home/neubility/ROS/ros2_communication_ws/src/practice_code_pkg/src/main.cpp:[m[K In function â€˜[01m[Kint main(int, char**)[m[Kâ€™:
[1.857s] [01m[K/home/neubility/ROS/ros2_communication_ws/src/practice_code_pkg/src/main.cpp:56:57:[m[K [01;31m[Kerror: [m[Kno matching function for call to â€˜[01m[Kcv::Mat::Mat(int, int, cv::Scalar)[m[Kâ€™
[1.857s]      cv::Mat test_img(100, 100, cv::Scalar(100, 100, 100)[01;31m[K)[m[K;
[1.857s]                                                          [01;31m[K^[m[K
[1.857s] In file included from [01m[K/usr/include/opencv2/core/mat.hpp:3518:0[m[K,
[1.857s]                  from [01m[K/usr/include/opencv2/core.hpp:59[m[K,
[1.857s]                  from [01m[K/usr/include/opencv2/opencv.hpp:52[m[K,
[1.857s]                  from [01m[K/home/neubility/ROS/ros2_communication_ws/src/practice_code_pkg/src/main.cpp:10[m[K:
[1.857s] [01m[K/usr/include/opencv2/core/mat.inl.hpp:1179:1:[m[K [01;36m[Knote: [m[Kcandidate: cv::Mat::Mat(cv::Mat&&)
[1.857s]  [01;36m[KMat[m[K::Mat(Mat&& m)
[1.858s]  [01;36m[K^~~[m[K
[1.858s] [01m[K/usr/include/opencv2/core/mat.inl.hpp:1179:1:[m[K [01;36m[Knote: [m[K  candidate expects 1 argument, 3 provided
[1.858s] In file included from [01m[K/usr/include/opencv2/core/cuda.hpp:872:0[m[K,
[1.858s]                  from [01m[K/usr/include/opencv2/stitching/detail/warpers.hpp:47[m[K,
[1.858s]                  from [01m[K/usr/include/opencv2/stitching/warpers.hpp:46[m[K,
[1.858s]                  from [01m[K/usr/include/opencv2/stitching.hpp:48[m[K,
[1.858s]                  from [01m[K/usr/include/opencv2/opencv.hpp:86[m[K,
[1.858s]                  from [01m[K/home/neubility/ROS/ros2_communication_ws/src/practice_code_pkg/src/main.cpp:10[m[K:
[1.858s] [01m[K/usr/include/opencv2/core/cuda.inl.hpp:621:1:[m[K [01;36m[Knote: [m[Kcandidate: cv::Mat::Mat(const cv::cuda::GpuMat&)
[1.858s]  [01;36m[KMat[m[K::Mat(const cuda::GpuMat& m)
[1.858s]  [01;36m[K^~~[m[K
[1.858s] [01m[K/usr/include/opencv2/core/cuda.inl.hpp:621:1:[m[K [01;36m[Knote: [m[K  candidate expects 1 argument, 3 provided
[1.858s] In file included from [01m[K/usr/include/opencv2/core.hpp:59:0[m[K,
[1.858s]                  from [01m[K/usr/include/opencv2/opencv.hpp:52[m[K,
[1.858s]                  from [01m[K/home/neubility/ROS/ros2_communication_ws/src/practice_code_pkg/src/main.cpp:10[m[K:
[1.858s] [01m[K/usr/include/opencv2/core/mat.hpp:974:37:[m[K [01;36m[Knote: [m[Kcandidate: template<class _Tp> cv::Mat::Mat(const cv::MatCommaInitializer_<_Tp>&)
[1.858s]      template<typename _Tp> explicit [01;36m[KMat[m[K(const MatCommaInitializer_<_Tp>& commaInitializer);
[1.858s]                                      [01;36m[K^~~[m[K
[1.859s] [01m[K/usr/include/opencv2/core/mat.hpp:974:37:[m[K [01;36m[Knote: [m[K  template argument deduction/substitution failed:
[1.859s] [01m[K/home/neubility/ROS/ros2_communication_ws/src/practice_code_pkg/src/main.cpp:56:57:[m[K [01;36m[Knote: [m[K  mismatched types â€˜[01m[Kconst cv::MatCommaInitializer_<_Tp>[m[Kâ€™ and â€˜[01m[Kint[m[Kâ€™
[1.859s]      cv::Mat test_img(100, 100, cv::Scalar(100, 100, 100)[01;36m[K)[m[K;
[1.859s]                                                          [01;36m[K^[m[K
[1.859s] In file included from [01m[K/usr/include/opencv2/core.hpp:59:0[m[K,
[1.859s]                  from [01m[K/usr/include/opencv2/opencv.hpp:52[m[K,
[1.859s]                  from [01m[K/home/neubility/ROS/ros2_communication_ws/src/practice_code_pkg/src/main.cpp:10[m[K:
[1.859s] [01m[K/usr/include/opencv2/core/mat.hpp:970:37:[m[K [01;36m[Knote: [m[Kcandidate: template<class _Tp> cv::Mat::Mat(const cv::Point3_<_Tp>&, bool)
[1.859s]      template<typename _Tp> explicit [01;36m[KMat[m[K(const Point3_<_Tp>& pt, bool copyData=true);
[1.859s]                                      [01;36m[K^~~[m[K
[1.859s] [01m[K/usr/include/opencv2/core/mat.hpp:970:37:[m[K [01;36m[Knote: [m[K  template argument deduction/substitution failed:
[1.859s] [01m[K/home/neubility/ROS/ros2_communication_ws/src/practice_code_pkg/src/main.cpp:56:57:[m[K [01;36m[Knote: [m[K  mismatched types â€˜[01m[Kconst cv::Point3_<_Tp>[m[Kâ€™ and â€˜[01m[Kint[m[Kâ€™
[1.859s]      cv::Mat test_img(100, 100, cv::Scalar(100, 100, 100)[01;36m[K)[m[K;
[1.859s]                                                          [01;36m[K^[m[K
[1.859s] In file included from [01m[K/usr/include/opencv2/core.hpp:59:0[m[K,
[1.859s]                  from [01m[K/usr/include/opencv2/opencv.hpp:52[m[K,
[1.859s]                  from [01m[K/home/neubility/ROS/ros2_communication_ws/src/practice_code_pkg/src/main.cpp:10[m[K:
[1.859s] [01m[K/usr/include/opencv2/core/mat.hpp:966:37:[m[K [01;36m[Knote: [m[Kcandidate: template<class _Tp> cv::Mat::Mat(const cv::Point_<_Tp>&, bool)
[1.860s]      template<typename _Tp> explicit [01;36m[KMat[m[K(const Point_<_Tp>& pt, bool copyData=true);
[1.860s]                                      [01;36m[K^~~[m[K
[1.860s] [01m[K/usr/include/opencv2/core/mat.hpp:966:37:[m[K [01;36m[Knote: [m[K  template argument deduction/substitution failed:
[1.860s] [01m[K/home/neubility/ROS/ros2_communication_ws/src/practice_code_pkg/src/main.cpp:56:57:[m[K [01;36m[Knote: [m[K  mismatched types â€˜[01m[Kconst cv::Point_<_Tp>[m[Kâ€™ and â€˜[01m[Kint[m[Kâ€™
[1.860s]      cv::Mat test_img(100, 100, cv::Scalar(100, 100, 100)[01;36m[K)[m[K;
[1.860s]                                                          [01;36m[K^[m[K
[1.860s] In file included from [01m[K/usr/include/opencv2/core.hpp:59:0[m[K,
[1.860s]                  from [01m[K/usr/include/opencv2/opencv.hpp:52[m[K,
[1.860s]                  from [01m[K/home/neubility/ROS/ros2_communication_ws/src/practice_code_pkg/src/main.cpp:10[m[K:
[1.860s] [01m[K/usr/include/opencv2/core/mat.hpp:962:51:[m[K [01;36m[Knote: [m[Kcandidate: template<class _Tp, int m, int n> cv::Mat::Mat(const cv::Matx<_Tp, m, n>&, bool)
[1.860s]      template<typename _Tp, int m, int n> explicit [01;36m[KMat[m[K(const Matx<_Tp, m, n>& mtx, bool copyData=true);
[1.860s]                                                    [01;36m[K^~~[m[K
[1.860s] [01m[K/usr/include/opencv2/core/mat.hpp:962:51:[m[K [01;36m[Knote: [m[K  template argument deduction/substitution failed:
[1.860s] [01m[K/home/neubility/ROS/ros2_communication_ws/src/practice_code_pkg/src/main.cpp:56:57:[m[K [01;36m[Knote: [m[K  mismatched types â€˜[01m[Kconst cv::Matx<_Tp, m, n>[m[Kâ€™ and â€˜[01m[Kint[m[Kâ€™
[1.860s]      cv::Mat test_img(100, 100, cv::Scalar(100, 100, 100)[01;36m[K)[m[K;
[1.860s]                                                          [01;36m[K^[m[K
[1.860s] In file included from [01m[K/usr/include/opencv2/core.hpp:59:0[m[K,
[1.860s]                  from [01m[K/usr/include/opencv2/opencv.hpp:52[m[K,
[1.860s]                  from [01m[K/home/neubility/ROS/ros2_communication_ws/src/practice_code_pkg/src/main.cpp:10[m[K:
[1.861s] [01m[K/usr/include/opencv2/core/mat.hpp:958:44:[m[K [01;36m[Knote: [m[Kcandidate: template<class _Tp, int n> cv::Mat::Mat(const cv::Vec<_Tp, m>&, bool)
[1.861s]      template<typename _Tp, int n> explicit [01;36m[KMat[m[K(const Vec<_Tp, n>& vec, bool copyData=true);
[1.861s]                                             [01;36m[K^~~[m[K
[1.861s] [01m[K/usr/include/opencv2/core/mat.hpp:958:44:[m[K [01;36m[Knote: [m[K  template argument deduction/substitution failed:
[1.861s] [01m[K/home/neubility/ROS/ros2_communication_ws/src/practice_code_pkg/src/main.cpp:56:57:[m[K [01;36m[Knote: [m[K  mismatched types â€˜[01m[Kconst cv::Vec<_Tp, m>[m[Kâ€™ and â€˜[01m[Kint[m[Kâ€™
[1.861s]      cv::Mat test_img(100, 100, cv::Scalar(100, 100, 100)[01;36m[K)[m[K;
[1.861s]                                                          [01;36m[K^[m[K
[1.861s] In file included from [01m[K/usr/include/opencv2/core.hpp:59:0[m[K,
[1.861s]                  from [01m[K/usr/include/opencv2/opencv.hpp:52[m[K,
[1.861s]                  from [01m[K/home/neubility/ROS/ros2_communication_ws/src/practice_code_pkg/src/main.cpp:10[m[K:
[1.861s] [01m[K/usr/include/opencv2/core/mat.hpp:954:37:[m[K [01;36m[Knote: [m[Kcandidate: template<class _Tp> cv::Mat::Mat(const std::vector<BufferT>&, bool)
[1.861s]      template<typename _Tp> explicit [01;36m[KMat[m[K(const std::vector<_Tp>& vec, bool copyData=false);
[1.861s]                                      [01;36m[K^~~[m[K
[1.861s] [01m[K/usr/include/opencv2/core/mat.hpp:954:37:[m[K [01;36m[Knote: [m[K  template argument deduction/substitution failed:
[1.861s] [01m[K/home/neubility/ROS/ros2_communication_ws/src/practice_code_pkg/src/main.cpp:56:57:[m[K [01;36m[Knote: [m[K  mismatched types â€˜[01m[Kconst std::vector<BufferT>[m[Kâ€™ and â€˜[01m[Kint[m[Kâ€™
[1.862s]      cv::Mat test_img(100, 100, cv::Scalar(100, 100, 100)[01;36m[K)[m[K;
[1.862s]                                                          [01;36m[K^[m[K
[1.862s] In file included from [01m[K/usr/include/opencv2/core.hpp:59:0[m[K,
[1.862s]                  from [01m[K/usr/include/opencv2/opencv.hpp:52[m[K,
[1.862s]                  from [01m[K/home/neubility/ROS/ros2_communication_ws/src/practice_code_pkg/src/main.cpp:10[m[K:
[1.862s] [01m[K/usr/include/opencv2/core/mat.hpp:936:5:[m[K [01;36m[Knote: [m[Kcandidate: cv::Mat::Mat(const cv::Mat&, const std::vector<cv::Range>&)
[1.862s]      [01;36m[KMat[m[K(const Mat& m, const std::vector<Range>& ranges);
[1.862s]      [01;36m[K^~~[m[K
[1.862s] [01m[K/usr/include/opencv2/core/mat.hpp:936:5:[m[K [01;36m[Knote: [m[K  candidate expects 2 arguments, 3 provided
[1.862s] [01m[K/usr/include/opencv2/core/mat.hpp:926:5:[m[K [01;36m[Knote: [m[Kcandidate: cv::Mat::Mat(const cv::Mat&, const cv::Range*)
[1.862s]      [01;36m[KMat[m[K(const Mat& m, const Range* ranges);
[1.862s]      [01;36m[K^~~[m[K
[1.862s] [01m[K/usr/include/opencv2/core/mat.hpp:926:5:[m[K [01;36m[Knote: [m[K  candidate expects 2 arguments, 3 provided
[1.862s] [01m[K/usr/include/opencv2/core/mat.hpp:916:5:[m[K [01;36m[Knote: [m[Kcandidate: cv::Mat::Mat(const cv::Mat&, const Rect&)
[1.862s]      [01;36m[KMat[m[K(const Mat& m, const Rect& roi);
[1.862s]      [01;36m[K^~~[m[K
[1.862s] [01m[K/usr/include/opencv2/core/mat.hpp:916:5:[m[K [01;36m[Knote: [m[K  candidate expects 2 arguments, 3 provided
[1.862s] [01m[K/usr/include/opencv2/core/mat.hpp:906:5:[m[K [01;36m[Knote: [m[Kcandidate: cv::Mat::Mat(const cv::Mat&, const cv::Range&, const cv::Range&)
[1.863s]      [01;36m[KMat[m[K(const Mat& m, const Range& rowRange, const Range& colRange=Range::all());
[1.863s]      [01;36m[K^~~[m[K
[1.863s] [01m[K/usr/include/opencv2/core/mat.hpp:906:5:[m[K [01;36m[Knote: [m[K  no known conversion for argument 1 from â€˜[01m[Kint[m[Kâ€™ to â€˜[01m[Kconst cv::Mat&[m[Kâ€™
[1.863s] [01m[K/usr/include/opencv2/core/mat.hpp:894:5:[m[K [01;36m[Knote: [m[Kcandidate: cv::Mat::Mat(const std::vector<int>&, int, void*, const size_t*)
[1.863s]      [01;36m[KMat[m[K(const std::vector<int>& sizes, int type, void* data, const size_t* steps=0);
[1.863s]      [01;36m[K^~~[m[K
[1.863s] [01m[K/usr/include/opencv2/core/mat.hpp:894:5:[m[K [01;36m[Knote: [m[K  no known conversion for argument 1 from â€˜[01m[Kint[m[Kâ€™ to â€˜[01m[Kconst std::vector<int>&[m[Kâ€™
[1.863s] [01m[K/usr/include/opencv2/core/mat.hpp:880:5:[m[K [01;36m[Knote: [m[Kcandidate: cv::Mat::Mat(int, const int*, int, void*, const size_t*)
[1.863s]      [01;36m[KMat[m[K(int ndims, const int* sizes, int type, void* data, const size_t* steps=0);
[1.863s]      [01;36m[K^~~[m[K
[1.863s] [01m[K/usr/include/opencv2/core/mat.hpp:880:5:[m[K [01;36m[Knote: [m[K  candidate expects 5 arguments, 3 provided
[1.863s] In file included from [01m[K/usr/include/opencv2/core/mat.hpp:3518:0[m[K,
[1.863s]                  from [01m[K/usr/include/opencv2/core.hpp:59[m[K,
[1.863s]                  from [01m[K/usr/include/opencv2/opencv.hpp:52[m[K,
[1.863s]                  from [01m[K/home/neubility/ROS/ros2_communication_ws/src/practice_code_pkg/src/main.cpp:10[m[K:
[1.863s] [01m[K/usr/include/opencv2/core/mat.inl.hpp:459:1:[m[K [01;36m[Knote: [m[Kcandidate: cv::Mat::Mat(cv::Size, int, void*, size_t)
[1.863s]  [01;36m[KMat[m[K::Mat(Size _sz, int _type, void* _data, size_t _step)
[1.863s]  [01;36m[K^~~[m[K
[1.863s] [01m[K/usr/include/opencv2/core/mat.inl.hpp:459:1:[m[K [01;36m[Knote: [m[K  no known conversion for argument 1 from â€˜[01m[Kint[m[Kâ€™ to â€˜[01m[Kcv::Size {aka cv::Size_<int>}[m[Kâ€™
[1.864s] [01m[K/usr/include/opencv2/core/mat.inl.hpp:426:1:[m[K [01;36m[Knote: [m[Kcandidate: cv::Mat::Mat(int, int, int, void*, size_t)
[1.864s]  [01;36m[KMat[m[K::Mat(int _rows, int _cols, int _type, void* _data, size_t _step)
[1.864s]  [01;36m[K^~~[m[K
[1.864s] [01m[K/usr/include/opencv2/core/mat.inl.hpp:426:1:[m[K [01;36m[Knote: [m[K  candidate expects 5 arguments, 3 provided
[1.864s] [01m[K/usr/include/opencv2/core/mat.inl.hpp:407:1:[m[K [01;36m[Knote: [m[Kcandidate: cv::Mat::Mat(const cv::Mat&)
[1.864s]  [01;36m[KMat[m[K::Mat(const Mat& m)
[1.864s]  [01;36m[K^~~[m[K
[1.864s] [01m[K/usr/include/opencv2/core/mat.inl.hpp:407:1:[m[K [01;36m[Knote: [m[K  candidate expects 1 argument, 3 provided
[1.864s] [01m[K/usr/include/opencv2/core/mat.inl.hpp:398:1:[m[K [01;36m[Knote: [m[Kcandidate: cv::Mat::Mat(const std::vector<int>&, int, const Scalar&)
[1.864s]  [01;36m[KMat[m[K::Mat(const std::vector<int>& _sz, int _type, const Scalar& _s)
[1.864s]  [01;36m[K^~~[m[K
[1.864s] [01m[K/usr/include/opencv2/core/mat.inl.hpp:398:1:[m[K [01;36m[Knote: [m[K  no known conversion for argument 1 from â€˜[01m[Kint[m[Kâ€™ to â€˜[01m[Kconst std::vector<int>&[m[Kâ€™
[1.864s] [01m[K/usr/include/opencv2/core/mat.inl.hpp:381:1:[m[K [01;36m[Knote: [m[Kcandidate: cv::Mat::Mat(int, const int*, int, const Scalar&)
[1.864s]  [01;36m[KMat[m[K::Mat(int _dims, const int* _sz, int _type, const Scalar& _s)
[1.864s]  [01;36m[K^~~[m[K
[1.864s] [01m[K/usr/include/opencv2/core/mat.inl.hpp:381:1:[m[K [01;36m[Knote: [m[K  candidate expects 4 arguments, 3 provided
[1.864s] [01m[K/usr/include/opencv2/core/mat.inl.hpp:390:1:[m[K [01;36m[Knote: [m[Kcandidate: cv::Mat::Mat(const std::vector<int>&, int)
[1.865s]  [01;36m[KMat[m[K::Mat(const std::vector<int>& _sz, int _type)
[1.865s]  [01;36m[K^~~[m[K
[1.865s] [01m[K/usr/include/opencv2/core/mat.inl.hpp:390:1:[m[K [01;36m[Knote: [m[K  candidate expects 2 arguments, 3 provided
[1.865s] [01m[K/usr/include/opencv2/core/mat.inl.hpp:373:1:[m[K [01;36m[Knote: [m[Kcandidate: cv::Mat::Mat(int, const int*, int)
[1.865s]  [01;36m[KMat[m[K::Mat(int _dims, const int* _sz, int _type)
[1.865s]  [01;36m[K^~~[m[K
[1.865s] [01m[K/usr/include/opencv2/core/mat.inl.hpp:373:1:[m[K [01;36m[Knote: [m[K  no known conversion for argument 3 from â€˜[01m[Kcv::Scalar {aka cv::Scalar_<double>}[m[Kâ€™ to â€˜[01m[Kint[m[Kâ€™
[1.865s] [01m[K/usr/include/opencv2/core/mat.inl.hpp:364:1:[m[K [01;36m[Knote: [m[Kcandidate: cv::Mat::Mat(cv::Size, int, const Scalar&)
[1.865s]  [01;36m[KMat[m[K::Mat(Size _sz, int _type, const Scalar& _s)
[1.865s]  [01;36m[K^~~[m[K
[1.865s] [01m[K/usr/include/opencv2/core/mat.inl.hpp:364:1:[m[K [01;36m[Knote: [m[K  no known conversion for argument 1 from â€˜[01m[Kint[m[Kâ€™ to â€˜[01m[Kcv::Size {aka cv::Size_<int>}[m[Kâ€™
[1.865s] [01m[K/usr/include/opencv2/core/mat.inl.hpp:347:1:[m[K [01;36m[Knote: [m[Kcandidate: cv::Mat::Mat(int, int, int, const Scalar&)
[1.865s]  [01;36m[KMat[m[K::Mat(int _rows, int _cols, int _type, const Scalar& _s)
[1.865s]  [01;36m[K^~~[m[K
[1.865s] [01m[K/usr/include/opencv2/core/mat.inl.hpp:347:1:[m[K [01;36m[Knote: [m[K  candidate expects 4 arguments, 3 provided
[1.865s] [01m[K/usr/include/opencv2/core/mat.inl.hpp:356:1:[m[K [01;36m[Knote: [m[Kcandidate: cv::Mat::Mat(cv::Size, int)
[1.865s]  [01;36m[KMat[m[K::Mat(Size _sz, int _type)
[1.865s]  [01;36m[K^~~[m[K
[1.866s] [01m[K/usr/include/opencv2/core/mat.inl.hpp:356:1:[m[K [01;36m[Knote: [m[K  candidate expects 2 arguments, 3 provided
[1.866s] [01m[K/usr/include/opencv2/core/mat.inl.hpp:339:1:[m[K [01;36m[Knote: [m[Kcandidate: cv::Mat::Mat(int, int, int)
[1.866s]  [01;36m[KMat[m[K::Mat(int _rows, int _cols, int _type)
[1.866s]  [01;36m[K^~~[m[K
[1.866s] [01m[K/usr/include/opencv2/core/mat.inl.hpp:339:1:[m[K [01;36m[Knote: [m[K  no known conversion for argument 3 from â€˜[01m[Kcv::Scalar {aka cv::Scalar_<double>}[m[Kâ€™ to â€˜[01m[Kint[m[Kâ€™
[1.866s] [01m[K/usr/include/opencv2/core/mat.inl.hpp:333:1:[m[K [01;36m[Knote: [m[Kcandidate: cv::Mat::Mat()
[1.866s]  [01;36m[KMat[m[K::Mat()
[1.866s]  [01;36m[K^~~[m[K
[1.866s] [01m[K/usr/include/opencv2/core/mat.inl.hpp:333:1:[m[K [01;36m[Knote: [m[K  candidate expects 0 arguments, 3 provided
[2.340s] make[2]: *** [CMakeFiles/practice_code_pkg.dir/src/main.cpp.o] Error 1
[2.340s] CMakeFiles/practice_code_pkg.dir/build.make:62: recipe for target 'CMakeFiles/practice_code_pkg.dir/src/main.cpp.o' failed
[2.341s] CMakeFiles/Makefile2:131: recipe for target 'CMakeFiles/practice_code_pkg.dir/all' failed
[2.341s] make[1]: *** [CMakeFiles/practice_code_pkg.dir/all] Error 2
[2.342s] Makefile:140: recipe for target 'all' failed
[2.342s] make: *** [all] Error 2
[2.344s] Invoked command in '/home/neubility/ROS/ros2_communication_ws/build/practice_code_pkg' returned '2': CMAKE_PREFIX_PATH=/home/neubility/ROS/ros2_communication_ws/install/ex_msg_srv:/home/neubility/ROS/ros2_communication_ws/install/sub_ex:/home/neubility/ROS/ros2_communication_ws/install/pub_ex:/home/neubility/ROS/ros2_communication_ws/install/practice_code_pkg:/opt/ros/eloquent /usr/bin/cmake --build /home/neubility/ROS/ros2_communication_ws/build/practice_code_pkg -- -j16 -l16
