-- Found ament_cmake: 0.8.3 (/opt/ros/eloquent/share/ament_cmake/cmake)
-- Using PYTHON_EXECUTABLE: /usr/bin/python3
-- Found rclcpp: 0.8.5 (/opt/ros/eloquent/share/rclcpp/cmake)
-- Found rosidl_adapter: 0.8.3 (/opt/ros/eloquent/share/rosidl_adapter/cmake)
-- Found rmw_implementation_cmake: 0.8.1 (/opt/ros/eloquent/share/rmw_implementation_cmake/cmake)
-- Using RMW implementation 'rmw_cyclonedds_cpp' as default
-- Found std_msgs: 0.8.1 (/opt/ros/eloquent/share/std_msgs/cmake)
-- Found ex_msg_srv: 0.0.0 (/home/neubility/ROS/ros2_communication_ws/install/ex_msg_srv/share/ex_msg_srv/cmake)
-- Configuring done
-- Generating done
-- Build files have been written to: /home/neubility/ROS/ros2_communication_ws/build/practice_code_pkg
[ 33%] [32mBuilding CXX object CMakeFiles/practice_code_pkg.dir/src/main.cpp.o[0m
[01m[K/home/neubility/ROS/ros2_communication_ws/src/practice_code_pkg/src/main.cpp:69:1:[m[K [01;31m[Kerror: [m[Kexpected unqualified-id before â€˜[01m[K{[m[Kâ€™ token
 [01;31m[K{[m[K
 [01;31m[K^[m[K
[01m[K/home/neubility/ROS/ros2_communication_ws/src/practice_code_pkg/src/main.cpp:[m[K In function â€˜[01m[Kint main(int, char**)[m[Kâ€™:
[01m[K/home/neubility/ROS/ros2_communication_ws/src/practice_code_pkg/src/main.cpp:77:37:[m[K [01;31m[Kerror: [m[Kinvalid conversion from â€˜[01m[Kvoid (*)(void*)[m[Kâ€™ to â€˜[01m[Kvoid* (*)(void*)[m[Kâ€™ [[01;31m[K-fpermissive[m[K]
     pthread_create(&p_thread, NULL, [01;31m[K&ThreadNB[m[K, &cute_nb);
                                     [01;31m[K^~~~~~~~~[m[K
In file included from [01m[K/usr/include/x86_64-linux-gnu/c++/7/bits/gthr-default.h:35:0[m[K,
                 from [01m[K/usr/include/x86_64-linux-gnu/c++/7/bits/gthr.h:148[m[K,
                 from [01m[K/usr/include/c++/7/ext/atomicity.h:35[m[K,
                 from [01m[K/usr/include/c++/7/bits/basic_string.h:39[m[K,
                 from [01m[K/usr/include/c++/7/string:52[m[K,
                 from [01m[K/usr/include/c++/7/stdexcept:39[m[K,
                 from [01m[K/usr/include/c++/7/array:39[m[K,
                 from [01m[K/usr/include/c++/7/tuple:39[m[K,
                 from [01m[K/usr/include/c++/7/functional:54[m[K,
                 from [01m[K/home/neubility/ROS/ros2_communication_ws/src/practice_code_pkg/src/main.cpp:2[m[K:
[01m[K/usr/include/pthread.h:234:12:[m[K [01;36m[Knote: [m[K  initializing argument 3 of â€˜[01m[Kint pthread_create(pthread_t*, const pthread_attr_t*, void* (*)(void*), void*)[m[Kâ€™
 extern int [01;36m[Kpthread_create[m[K (pthread_t *__restrict __newthread,
            [01;36m[K^~~~~~~~~~~~~~[m[K
make[2]: *** [CMakeFiles/practice_code_pkg.dir/src/main.cpp.o] Error 1
CMakeFiles/practice_code_pkg.dir/build.make:62: recipe for target 'CMakeFiles/practice_code_pkg.dir/src/main.cpp.o' failed
CMakeFiles/Makefile2:131: recipe for target 'CMakeFiles/practice_code_pkg.dir/all' failed
make[1]: *** [CMakeFiles/practice_code_pkg.dir/all] Error 2
Makefile:140: recipe for target 'all' failed
make: *** [all] Error 2
