Start testing: Dec 14 15:32 KST
----------------------------------------------------------
1/2 Testing: lint_cmake
1/2 Test: lint_cmake
Command: "/usr/bin/python3" "-u" "/opt/ros/eloquent/share/ament_cmake_test/cmake/run_test.py" "/home/neubility/ROS/ros2_communication_ws/build/ex_msg_srv/test_results/ex_msg_srv/lint_cmake.xunit.xml" "--package-name" "ex_msg_srv" "--output-file" "/home/neubility/ROS/ros2_communication_ws/build/ex_msg_srv/ament_lint_cmake/lint_cmake.txt" "--command" "/opt/ros/eloquent/bin/ament_lint_cmake" "--xunit-file" "/home/neubility/ROS/ros2_communication_ws/build/ex_msg_srv/test_results/ex_msg_srv/lint_cmake.xunit.xml"
Directory: /home/neubility/ROS/ros2_communication_ws/src/ex_msg_srv_pkg
"lint_cmake" start time: Dec 14 15:32 KST
Output:
----------------------------------------------------------
-- run_test.py: invoking following command in '/home/neubility/ROS/ros2_communication_ws/src/ex_msg_srv_pkg':
 - /opt/ros/eloquent/bin/ament_lint_cmake --xunit-file /home/neubility/ROS/ros2_communication_ws/build/ex_msg_srv/test_results/ex_msg_srv/lint_cmake.xunit.xml
CMakeLists.txt:22: Mismatching spaces inside () after command [whitespace/mismatch]
CMakeLists.txt:25: Weird indentation; use 2 spaces [whitespace/indent]


2 errors
-- run_test.py: return code 1
-- run_test.py: verify result file '/home/neubility/ROS/ros2_communication_ws/build/ex_msg_srv/test_results/ex_msg_srv/lint_cmake.xunit.xml'
<end of output>
Test time =   0.28 sec
----------------------------------------------------------
Test Failed.
"lint_cmake" end time: Dec 14 15:32 KST
"lint_cmake" time elapsed: 00:00:00
----------------------------------------------------------

2/2 Testing: xmllint
2/2 Test: xmllint
Command: "/usr/bin/python3" "-u" "/opt/ros/eloquent/share/ament_cmake_test/cmake/run_test.py" "/home/neubility/ROS/ros2_communication_ws/build/ex_msg_srv/test_results/ex_msg_srv/xmllint.xunit.xml" "--package-name" "ex_msg_srv" "--output-file" "/home/neubility/ROS/ros2_communication_ws/build/ex_msg_srv/ament_xmllint/xmllint.txt" "--command" "/opt/ros/eloquent/bin/ament_xmllint" "--xunit-file" "/home/neubility/ROS/ros2_communication_ws/build/ex_msg_srv/test_results/ex_msg_srv/xmllint.xunit.xml"
Directory: /home/neubility/ROS/ros2_communication_ws/src/ex_msg_srv_pkg
"xmllint" start time: Dec 14 15:32 KST
Output:
----------------------------------------------------------
-- run_test.py: invoking following command in '/home/neubility/ROS/ros2_communication_ws/src/ex_msg_srv_pkg':
 - /opt/ros/eloquent/bin/ament_xmllint --xunit-file /home/neubility/ROS/ros2_communication_ws/build/ex_msg_srv/test_results/ex_msg_srv/xmllint.xunit.xml
File 'package.xml' is valid

No problems found
-- run_test.py: return code 0
-- run_test.py: verify result file '/home/neubility/ROS/ros2_communication_ws/build/ex_msg_srv/test_results/ex_msg_srv/xmllint.xunit.xml'
<end of output>
Test time =   2.11 sec
----------------------------------------------------------
Test Passed.
"xmllint" end time: Dec 14 15:32 KST
"xmllint" time elapsed: 00:00:02
----------------------------------------------------------

End testing: Dec 14 15:32 KST

lint_cmake =   0.28 sec*proc

linter =   2.39 sec*proc

xmllint =   2.11 sec*proc

