[35m[1mScanning dependencies of target practice_code_pkg[0m
[ 33%] [32mBuilding CXX object CMakeFiles/practice_code_pkg.dir/src/main.cpp.o[0m
[01m[K/home/neubility/ROS/ros2_communication_ws/src/practice_code_pkg/src/main.cpp:[m[K In member function â€˜[01m[Kvoid Localization::get_lat()[m[Kâ€™:
[01m[K/home/neubility/ROS/ros2_communication_ws/src/practice_code_pkg/src/main.cpp:70:35:[m[K [01;31m[Kerror: [m[Kreturn-statement with a value, in function returning 'void' [[01;31m[K-fpermissive[m[K]
     void get_lat() { return this->[01;31m[Klat[m[K; }
                                   [01;31m[K^~~[m[K
[01m[K/home/neubility/ROS/ros2_communication_ws/src/practice_code_pkg/src/main.cpp:[m[K In member function â€˜[01m[Kvoid Localization::get_lon()[m[Kâ€™:
[01m[K/home/neubility/ROS/ros2_communication_ws/src/practice_code_pkg/src/main.cpp:71:35:[m[K [01;31m[Kerror: [m[Kreturn-statement with a value, in function returning 'void' [[01;31m[K-fpermissive[m[K]
     void get_lon() { return this->[01;31m[Klon[m[K; }
                                   [01;31m[K^~~[m[K
[01m[K/home/neubility/ROS/ros2_communication_ws/src/practice_code_pkg/src/main.cpp:[m[K In function â€˜[01m[Kvoid* ThreadNB(void*)[m[Kâ€™:
[01m[K/home/neubility/ROS/ros2_communication_ws/src/practice_code_pkg/src/main.cpp:89:1:[m[K [01;35m[Kwarning: [m[Kno return statement in function returning non-void [[01;35m[K-Wreturn-type[m[K]
 [01;35m[K}[m[K
 [01;35m[K^[m[K
[01m[K/home/neubility/ROS/ros2_communication_ws/src/practice_code_pkg/src/main.cpp:86:22:[m[K [01;35m[Kwarning: [m[Kunused parameter â€˜[01m[Kparam[m[Kâ€™ [[01;35m[K-Wunused-parameter[m[K]
 void *ThreadNB(void *[01;35m[Kparam[m[K)
                      [01;35m[K^~~~~[m[K
make[2]: *** [CMakeFiles/practice_code_pkg.dir/src/main.cpp.o] Error 1
CMakeFiles/practice_code_pkg.dir/build.make:62: recipe for target 'CMakeFiles/practice_code_pkg.dir/src/main.cpp.o' failed
CMakeFiles/Makefile2:131: recipe for target 'CMakeFiles/practice_code_pkg.dir/all' failed
make[1]: *** [CMakeFiles/practice_code_pkg.dir/all] Error 2
make: *** [all] Error 2
Makefile:140: recipe for target 'all' failed
